<?xml version="1.0" encoding="UTF-8"?>
<!-- Generated by org.testng.reporters.JUnitXMLReporter -->
<testsuite hostname="Balajis-MBP.lan" ignored="2" name="Default test" tests="1" failures="0" timestamp="2022-10-09T19:33:13 CDT" time="10.105" errors="0">
  <testcase name="logintestnegative1" time="2.345" classname="testcases.TC_001_logintest"/>
  <testcase name="logintestpositive" time="0.0" classname="testcases.TC_001_logintest">
    <ignored/>
  </testcase> <!-- logintestpositive -->
  <testcase name="logintestnegative2" time="0.0" classname="testcases.TC_001_logintest">
    <ignored/>
  </testcase> <!-- logintestnegative2 -->
</testsuite> <!-- Default test -->
