<?xml version="1.0" encoding="UTF-8"?>
<!-- Generated by org.testng.reporters.JUnitXMLReporter -->
<testsuite hostname="Balajis-MBP.lan" ignored="3" name="Default test" tests="1" failures="0" timestamp="2022-10-10T11:13:45 CDT" time="6.543" errors="0">
  <testcase name="logintestnegative4" time="2.332" classname="testcases.TC_001_logintest"/>
  <testcase name="logintestpositive" time="0.0" classname="testcases.TC_001_logintest">
    <ignored/>
  </testcase> <!-- logintestpositive -->
  <testcase name="logintestnegative1" time="0.0" classname="testcases.TC_001_logintest">
    <ignored/>
  </testcase> <!-- logintestnegative1 -->
  <testcase name="logintestnegative2" time="0.0" classname="testcases.TC_001_logintest">
    <ignored/>
  </testcase> <!-- logintestnegative2 -->
</testsuite> <!-- Default test -->
